This is pdfTeX, Version 3.14159265-2.6-1.40.20 (TeX Live 2019/Arch Linux) (preloaded format=pdflatex 2019.7.13)  15 AUG 2019 21:58
entering extended mode
 restricted \write18 enabled.
 file:line:error style messages enabled.
 %&-line parsing enabled.
**dissertation.tex
(./dissertation.tex
LaTeX2e <2018-12-01>
(./ucl_thesis.cls
Document Class: ucl_thesis 2014/08/12 v1.6 UCL MRes/MPhil/PhD Thesis class
(/usr/share/texmf-dist/tex/latex/base/book.cls
Document Class: book 2018/09/03 v1.4i Standard LaTeX document class
(/usr/share/texmf-dist/tex/latex/base/bk11.clo
File: bk11.clo 2018/09/03 v1.4i Standard LaTeX file (size option)
)
\c@part=\count80
\c@chapter=\count81
\c@section=\count82
\c@subsection=\count83
\c@subsubsection=\count84
\c@paragraph=\count85
\c@subparagraph=\count86
\c@figure=\count87
\c@table=\count88
\abovecaptionskip=\skip41
\belowcaptionskip=\skip42
\bibindent=\dimen102
))
(/usr/share/texmf-dist/tex/latex/etex-pkg/etex.sty
Package: etex 2016/08/01 v2.7 eTeX basic definition package (PEB,DPC)
\et@xins=\count89
)
(/usr/share/texmf-dist/tex/latex/placeins/placeins.sty
Package: placeins 2005/04/18  v 2.2
)
(/home/isak/texmf/tex/latex/local/isak.sty
Package: isak 2019/05/20 v0.1

(/usr/share/texmf-dist/tex/latex/base/fontenc.sty
Package: fontenc 2018/08/11 v2.0j Standard LaTeX package

(/usr/share/texmf-dist/tex/latex/base/t1enc.def
File: t1enc.def 2018/08/11 v2.0j Standard LaTeX file
LaTeX Font Info:    Redeclaring font encoding T1 on input line 48.
))
(/usr/share/texmf-dist/tex/generic/babel/babel.sty
Package: babel 2019/04/03 3.29 The Babel package

(/usr/share/texmf-dist/tex/generic/babel/switch.def
File: switch.def 2019/04/03 3.29 Babel switching mechanism
)
(/usr/share/texmf-dist/tex/generic/babel-english/english.ldf
Language: english 2017/06/06 v3.3r English support from the babel system

(/usr/share/texmf-dist/tex/generic/babel/babel.def
File: babel.def 2019/04/03 3.29 Babel common definitions
\babel@savecnt=\count90
\U@D=\dimen103

(/usr/share/texmf-dist/tex/generic/babel/txtbabel.def)
\bbl@dirlevel=\count91
)
\l@canadian = a dialect from \language\l@american 
\l@australian = a dialect from \language\l@british 
\l@newzealand = a dialect from \language\l@british 
))
(/usr/share/texmf-dist/tex/latex/microtype/microtype.sty
Package: microtype 2019/02/28 v2.7b Micro-typographical refinements (RS)

(/usr/share/texmf-dist/tex/latex/graphics/keyval.sty
Package: keyval 2014/10/28 v1.15 key=value parser (DPC)
\KV@toks@=\toks14
)
\MT@toks=\toks15
\MT@count=\count92
LaTeX Info: Redefining \textls on input line 790.
\MT@outer@kern=\dimen104
LaTeX Info: Redefining \textmicrotypecontext on input line 1336.
\MT@listname@count=\count93

(/usr/share/texmf-dist/tex/latex/microtype/microtype-pdftex.def
File: microtype-pdftex.def 2019/02/28 v2.7b Definitions specific to pdftex (RS)

LaTeX Info: Redefining \lsstyle on input line 914.
LaTeX Info: Redefining \lslig on input line 914.
\MT@outer@space=\skip43
)
Package microtype Info: Loading configuration file microtype.cfg.

(/usr/share/texmf-dist/tex/latex/microtype/microtype.cfg
File: microtype.cfg 2019/02/28 v2.7b microtype main configuration file (RS)
))
(/usr/share/texmf-dist/tex/latex/algorithms/algorithm.sty
Package: algorithm 2009/08/24 v0.1 Document Style `algorithm' - floating enviro
nment

(/usr/share/texmf-dist/tex/latex/float/float.sty
Package: float 2001/11/08 v1.3d Float enhancements (AL)
\c@float@type=\count94
\float@exts=\toks16
\float@box=\box27
\@float@everytoks=\toks17
\@floatcapt=\box28
)
(/usr/share/texmf-dist/tex/latex/base/ifthen.sty
Package: ifthen 2014/09/29 v1.1c Standard LaTeX ifthen package (DPC)
)
\@float@every@algorithm=\toks18
\c@algorithm=\count95
)
(/usr/share/texmf-dist/tex/latex/algorithmicx/algorithmicx.sty
Package: algorithmicx 2005/04/27 v1.2 Algorithmicx

Document Style algorithmicx 1.2 - a greatly improved `algorithmic' style
\c@ALG@line=\count96
\c@ALG@rem=\count97
\c@ALG@nested=\count98
\ALG@tlm=\skip44
\ALG@thistlm=\skip45
\c@ALG@Lnr=\count99
\c@ALG@blocknr=\count100
\c@ALG@storecount=\count101
\c@ALG@tmpcounter=\count102
\ALG@tmplength=\skip46
) (/usr/share/texmf-dist/tex/latex/algorithmicx/algpseudocode.sty
Package: algpseudocode 

Document Style - pseudocode environments for use with the `algorithmicx' style
) (/usr/share/texmf-dist/tex/latex/enumitem/enumitem.sty
Package: enumitem 2019/02/04 v3.8 Customized lists
\labelindent=\skip47
\enit@outerparindent=\dimen105
\enit@toks=\toks19
\enit@inbox=\box29
\enit@count@id=\count103
\enitdp@description=\count104
)
(/usr/share/texmf-dist/tex/latex/caption/caption.sty
Package: caption 2018/10/06 v3.3-154 Customizing captions (AR)

(/usr/share/texmf-dist/tex/latex/caption/caption3.sty
Package: caption3 2018/09/12 v1.8c caption3 kernel (AR)
Package caption3 Info: TeX engine: e-TeX on input line 64.
\captionmargin=\dimen106
\captionmargin@=\dimen107
\captionwidth=\dimen108
\caption@tempdima=\dimen109
\caption@indent=\dimen110
\caption@parindent=\dimen111
\caption@hangindent=\dimen112
)
\c@caption@flags=\count105
\c@ContinuedFloat=\count106
Package caption Info: float package is loaded.
)
(/usr/share/texmf-dist/tex/latex/hyperref/hyperref.sty
Package: hyperref 2018/11/30 v6.88e Hypertext links for LaTeX

(/usr/share/texmf-dist/tex/generic/oberdiek/hobsub-hyperref.sty
Package: hobsub-hyperref 2016/05/16 v1.14 Bundle oberdiek, subset hyperref (HO)


(/usr/share/texmf-dist/tex/generic/oberdiek/hobsub-generic.sty
Package: hobsub-generic 2016/05/16 v1.14 Bundle oberdiek, subset generic (HO)
Package: hobsub 2016/05/16 v1.14 Construct package bundles (HO)
Package: infwarerr 2016/05/16 v1.4 Providing info/warning/error messages (HO)
Package: ltxcmds 2016/05/16 v1.23 LaTeX kernel commands for general use (HO)
Package: ifluatex 2016/05/16 v1.4 Provides the ifluatex switch (HO)
Package ifluatex Info: LuaTeX not detected.
Package: ifvtex 2016/05/16 v1.6 Detect VTeX and its facilities (HO)
Package ifvtex Info: VTeX not detected.
Package: intcalc 2016/05/16 v1.2 Expandable calculations with integers (HO)
Package: ifpdf 2018/09/07 v3.3 Provides the ifpdf switch
Package: etexcmds 2016/05/16 v1.6 Avoid name clashes with e-TeX commands (HO)
Package: kvsetkeys 2016/05/16 v1.17 Key value parser (HO)
Package: kvdefinekeys 2016/05/16 v1.4 Define keys (HO)
Package: pdftexcmds 2018/09/10 v0.29 Utility functions of pdfTeX for LuaTeX (HO
)
Package pdftexcmds Info: LuaTeX not detected.
Package pdftexcmds Info: \pdf@primitive is available.
Package pdftexcmds Info: \pdf@ifprimitive is available.
Package pdftexcmds Info: \pdfdraftmode found.
Package: pdfescape 2016/05/16 v1.14 Implements pdfTeX's escape features (HO)
Package: bigintcalc 2016/05/16 v1.4 Expandable calculations on big integers (HO
)
Package: bitset 2016/05/16 v1.2 Handle bit-vector datatype (HO)
Package: uniquecounter 2016/05/16 v1.3 Provide unlimited unique counter (HO)
)
Package hobsub Info: Skipping package `hobsub' (already loaded).
Package: letltxmacro 2016/05/16 v1.5 Let assignment for LaTeX macros (HO)
Package: hopatch 2016/05/16 v1.3 Wrapper for package hooks (HO)
Package: xcolor-patch 2016/05/16 xcolor patch
Package: atveryend 2016/05/16 v1.9 Hooks at the very end of document (HO)
Package atveryend Info: \enddocument detected (standard20110627).
Package: atbegshi 2016/06/09 v1.18 At begin shipout hook (HO)
Package: refcount 2016/05/16 v3.5 Data extraction from label references (HO)
Package: hycolor 2016/05/16 v1.8 Color options for hyperref/bookmark (HO)
)
(/usr/share/texmf-dist/tex/generic/ifxetex/ifxetex.sty
Package: ifxetex 2010/09/12 v0.6 Provides ifxetex conditional
)
(/usr/share/texmf-dist/tex/latex/oberdiek/auxhook.sty
Package: auxhook 2016/05/16 v1.4 Hooks for auxiliary files (HO)
)
(/usr/share/texmf-dist/tex/latex/oberdiek/kvoptions.sty
Package: kvoptions 2016/05/16 v3.12 Key value format for package options (HO)
)
\@linkdim=\dimen113
\Hy@linkcounter=\count107
\Hy@pagecounter=\count108

(/usr/share/texmf-dist/tex/latex/hyperref/pd1enc.def
File: pd1enc.def 2018/11/30 v6.88e Hyperref: PDFDocEncoding definition (HO)
Now handling font encoding PD1 ...
... no UTF-8 mapping file for font encoding PD1
)
\Hy@SavedSpaceFactor=\count109

(/usr/share/texmf-dist/tex/latex/latexconfig/hyperref.cfg
File: hyperref.cfg 2002/06/06 v1.2 hyperref configuration of TeXLive
)
Package hyperref Info: Option `colorlinks' set `true' on input line 4393.
Package hyperref Info: Hyper figures OFF on input line 4519.
Package hyperref Info: Link nesting OFF on input line 4524.
Package hyperref Info: Hyper index ON on input line 4527.
Package hyperref Info: Plain pages OFF on input line 4534.
Package hyperref Info: Backreferencing OFF on input line 4539.
Package hyperref Info: Implicit mode ON; LaTeX internals redefined.
Package hyperref Info: Bookmarks ON on input line 4772.
\c@Hy@tempcnt=\count110

(/usr/share/texmf-dist/tex/latex/url/url.sty
\Urlmuskip=\muskip10
Package: url 2013/09/16  ver 3.4  Verb mode for urls, etc.
)
LaTeX Info: Redefining \url on input line 5125.
\XeTeXLinkMargin=\dimen114
\Fld@menulength=\count111
\Field@Width=\dimen115
\Fld@charsize=\dimen116
Package hyperref Info: Hyper figures OFF on input line 6380.
Package hyperref Info: Link nesting OFF on input line 6385.
Package hyperref Info: Hyper index ON on input line 6388.
Package hyperref Info: backreferencing OFF on input line 6395.
Package hyperref Info: Link coloring ON on input line 6398.
Package hyperref Info: Link coloring with OCG OFF on input line 6405.
Package hyperref Info: PDF/A mode OFF on input line 6410.
LaTeX Info: Redefining \ref on input line 6450.
LaTeX Info: Redefining \pageref on input line 6454.
\Hy@abspage=\count112
\c@Item=\count113
\c@Hfootnote=\count114
)
Package hyperref Info: Driver (autodetected): hpdftex.

(/usr/share/texmf-dist/tex/latex/hyperref/hpdftex.def
File: hpdftex.def 2018/11/30 v6.88e Hyperref driver for pdfTeX
\Fld@listcount=\count115
\c@bookmark@seq@number=\count116

(/usr/share/texmf-dist/tex/latex/oberdiek/rerunfilecheck.sty
Package: rerunfilecheck 2016/05/16 v1.8 Rerun checks for auxiliary files (HO)
Package uniquecounter Info: New unique counter `rerunfilecheck' on input line 2
82.
)
\Hy@SectionHShift=\skip48
)
(/usr/share/texmf-dist/tex/latex/graphics/graphicx.sty
Package: graphicx 2017/06/01 v1.1a Enhanced LaTeX Graphics (DPC,SPQR)

(/usr/share/texmf-dist/tex/latex/graphics/graphics.sty
Package: graphics 2017/06/25 v1.2c Standard LaTeX Graphics (DPC,SPQR)

(/usr/share/texmf-dist/tex/latex/graphics/trig.sty
Package: trig 2016/01/03 v1.10 sin cos tan (DPC)
)
(/usr/share/texmf-dist/tex/latex/graphics-cfg/graphics.cfg
File: graphics.cfg 2016/06/04 v1.11 sample graphics configuration
)
Package graphics Info: Driver file: pdftex.def on input line 99.

(/usr/share/texmf-dist/tex/latex/graphics-def/pdftex.def
File: pdftex.def 2018/01/08 v1.0l Graphics/color driver for pdftex
))
\Gin@req@height=\dimen117
\Gin@req@width=\dimen118
)
(/usr/share/texmf-dist/tex/latex/pstricks/pstricks.sty
Package: pstricks 2018/12/21 v0.69 LaTeX wrapper for `PSTricks' (RN,HV)

(/usr/share/texmf-dist/tex/generic/iftex/iftex.sty
Package: iftex 2013/04/04 v0.2 Provides if(tex) conditional for PDFTeX, XeTeX, 
and LuaTeX
)
(/usr/share/texmf-dist/tex/latex/tools/shellesc.sty
Package: shellesc 2016/06/07 v0.02a unified shell escape interface for LaTeX
Package shellesc Info: Restricted shell escape enabled on input line 69.
)
(/usr/share/texmf-dist/tex/latex/xcolor/xcolor.sty
Package: xcolor 2016/05/11 v2.12 LaTeX color extensions (UK)

(/usr/share/texmf-dist/tex/latex/graphics-cfg/color.cfg
File: color.cfg 2016/01/02 v1.6 sample color configuration
)
Package xcolor Info: Package option `usenames' ignored on input line 216.
Package xcolor Info: Driver file: pdftex.def on input line 225.
Package xcolor Info: Model `cmy' substituted by `cmy0' on input line 1348.
Package xcolor Info: Model `hsb' substituted by `rgb' on input line 1352.
Package xcolor Info: Model `RGB' extended on input line 1364.
Package xcolor Info: Model `HTML' substituted by `rgb' on input line 1366.
Package xcolor Info: Model `Hsb' substituted by `hsb' on input line 1367.
Package xcolor Info: Model `tHsb' substituted by `hsb' on input line 1368.
Package xcolor Info: Model `HSB' substituted by `hsb' on input line 1369.
Package xcolor Info: Model `Gray' substituted by `gray' on input line 1370.
Package xcolor Info: Model `wave' substituted by `hsb' on input line 1371.

(/usr/share/texmf-dist/tex/latex/graphics/dvipsnam.def
File: dvipsnam.def 2016/06/17 v3.0m Driver-dependent file (DPC,SPQR)
))
(/usr/share/texmf-dist/tex/generic/xkeyval/pst-xkey.tex
File: pst-xkey.tex 2005/11/25 v1.6 PSTricks specialization of xkeyval (HA)

(/usr/share/texmf-dist/tex/latex/xkeyval/xkeyval.sty
Package: xkeyval 2014/12/03 v2.7a package option processing (HA)

(/usr/share/texmf-dist/tex/generic/xkeyval/xkeyval.tex
(/usr/share/texmf-dist/tex/generic/xkeyval/xkvutils.tex
\XKV@toks=\toks20
\XKV@tempa@toks=\toks21
)
\XKV@depth=\count117
File: xkeyval.tex 2014/12/03 v2.7a key=value parser (HA)
)))
(/usr/share/texmf-dist/tex/generic/pstricks/pstricks.tex
(/usr/share/texmf-dist/tex/generic/pstricks/pst-fp.tex
`pst-fp' v0.05, 2010/01/17 (hv)
\pstFP@xs=\count118
\pstFP@xia=\count119
\pstFP@xib=\count120
\pstFP@xfa=\count121
\pstFP@xfb=\count122
\pstFP@rega=\count123
\pstFP@regb=\count124
\pstFP@regs=\count125
\pstFP@times=\count126
)
(/usr/share/texmf-dist/tex/generic/pgf/utilities/pgfutil-common.tex
\pgfutil@everybye=\toks22
\pgfutil@tempdima=\dimen119
\pgfutil@tempdimb=\dimen120

(/usr/share/texmf-dist/tex/generic/pgf/utilities/pgfutil-common-lists.tex))
(/usr/share/texmf-dist/tex/generic/pgf/utilities/pgfkeys.code.tex
\pgfkeys@pathtoks=\toks23
\pgfkeys@temptoks=\toks24

(/usr/share/texmf-dist/tex/generic/pgf/utilities/pgfkeysfiltered.code.tex
\pgfkeys@tmptoks=\toks25
))
(/usr/share/texmf-dist/tex/generic/pgf/utilities/pgffor.code.tex
Loading pgffor.code.tex
(/usr/share/texmf-dist/tex/generic/pgf/math/pgfmath.code.tex
(/usr/share/texmf-dist/tex/generic/pgf/math/pgfmathcalc.code.tex
(/usr/share/texmf-dist/tex/generic/pgf/math/pgfmathutil.code.tex
\pgf@x=\dimen121
\pgf@xa=\dimen122
\pgf@xb=\dimen123
\pgf@xc=\dimen124
\pgf@y=\dimen125
\pgf@ya=\dimen126
\pgf@yb=\dimen127
\pgf@yc=\dimen128
\c@pgf@counta=\count127
\c@pgf@countb=\count128
\c@pgf@countc=\count129
\c@pgf@countd=\count130
\pgfutil@tempcnta=\count131
\pgfutil@tempcntb=\count132
)
(/usr/share/texmf-dist/tex/generic/pgf/math/pgfmathparser.code.tex
\pgfmath@dimen=\dimen129
\pgfmath@count=\count133
\pgfmath@box=\box30
\pgfmath@toks=\toks26
\pgfmath@stack@operand=\toks27
\pgfmath@stack@operation=\toks28
)
(/usr/share/texmf-dist/tex/generic/pgf/math/pgfmathfunctions.code.tex
(/usr/share/texmf-dist/tex/generic/pgf/math/pgfmathfunctions.basic.code.tex)
(/usr/share/texmf-dist/tex/generic/pgf/math/pgfmathfunctions.trigonometric.code
.tex)
(/usr/share/texmf-dist/tex/generic/pgf/math/pgfmathfunctions.random.code.tex)
(/usr/share/texmf-dist/tex/generic/pgf/math/pgfmathfunctions.comparison.code.te
x) (/usr/share/texmf-dist/tex/generic/pgf/math/pgfmathfunctions.base.code.tex)
(/usr/share/texmf-dist/tex/generic/pgf/math/pgfmathfunctions.round.code.tex)
(/usr/share/texmf-dist/tex/generic/pgf/math/pgfmathfunctions.misc.code.tex)
(/usr/share/texmf-dist/tex/generic/pgf/math/pgfmathfunctions.integerarithmetics
.code.tex))) (/usr/share/texmf-dist/tex/generic/pgf/math/pgfmathfloat.code.tex
\c@pgfmathroundto@lastzeros=\count134
))
\pgffor@iter=\dimen130
\pgffor@skip=\dimen131
\pgffor@stack=\toks29
\pgffor@toks=\toks30
)
\psLoopIndex=\count135

`PSTricks' v2.96  <2019/02/23> (tvz,hv)
\pst@dima=\dimen132
\pst@dimb=\dimen133
\pst@dimc=\dimen134
\pst@dimd=\dimen135
\pst@dimg=\dimen136
\pst@dimh=\dimen137
\pst@dimm=\dimen138
\pst@dimn=\dimen139
\pst@dimo=\dimen140
\pst@dimp=\dimen141
\pst@hbox=\box31
\pst@ibox=\box32
\pst@boxg=\box33
\pst@cnta=\count136
\pst@cntb=\count137
\pst@cntc=\count138
\pst@cntd=\count139
\pst@cntg=\count140
\pst@cnth=\count141
\pst@cntm=\count142
\pst@cntn=\count143
\pst@cnto=\count144
\pst@cntp=\count145
\@zero=\count146
\pst@toks=\toks31
(/usr/share/texmf-dist/tex/generic/pstricks/pstricks.con)
\psunit=\dimen142
\psxunit=\dimen143
\psyunit=\dimen144
\pst@C@@rType=\count147
\pslinewidth=\dimen145
\psk@startLW=\dimen146
\psk@endLW=\dimen147
\pst@customdefs=\toks32
\pslinearc=\dimen148
\pst@symbolStep=\dimen149
\pst@symbolWidth=\dimen150
\pst@symbolLinewidth=\dimen151
\everypsbox=\toks33
\psframesep=\dimen152
\pslabelsep=\dimen153
\sh@wgridXunit=\dimen154
\sh@wgridYunit=\dimen155
\pst@shift=\dimen156
)
File: pstricks.tex 2019/02/23 v2.96 `PSTricks' (tvz,hv)

(/usr/share/texmf-dist/tex/generic/pstricks/pst-fp.tex)
File: pst-fp.tex 2019/02/23 v2.96 `PST-fp' (hv)
)
(/usr/share/texmf-dist/tex/latex/caption/newfloat.sty
Package: newfloat 2018/03/04 v1.1a Defining new floating environments (AR)
)
(/usr/share/texmf-dist/tex/latex/booktabs/booktabs.sty
Package: booktabs 2016/04/27 v1.618033 publication quality tables
\heavyrulewidth=\dimen157
\lightrulewidth=\dimen158
\cmidrulewidth=\dimen159
\belowrulesep=\dimen160
\belowbottomsep=\dimen161
\aboverulesep=\dimen162
\abovetopsep=\dimen163
\cmidrulesep=\dimen164
\cmidrulekern=\dimen165
\defaultaddspace=\dimen166
\@cmidla=\count148
\@cmidlb=\count149
\@aboverulesep=\dimen167
\@belowrulesep=\dimen168
\@thisruleclass=\count150
\@lastruleclass=\count151
\@thisrulewidth=\dimen169
)
(/usr/share/texmf-dist/tex/latex/amsmath/amsmath.sty
Package: amsmath 2018/12/01 v2.17b AMS math features
\@mathmargin=\skip49

For additional information on amsmath, use the `?' option.
(/usr/share/texmf-dist/tex/latex/amsmath/amstext.sty
Package: amstext 2000/06/29 v2.01 AMS text

(/usr/share/texmf-dist/tex/latex/amsmath/amsgen.sty
File: amsgen.sty 1999/11/30 v2.0 generic functions
\@emptytoks=\toks34
\ex@=\dimen170
))
(/usr/share/texmf-dist/tex/latex/amsmath/amsbsy.sty
Package: amsbsy 1999/11/29 v1.2d Bold Symbols
\pmbraise@=\dimen171
)
(/usr/share/texmf-dist/tex/latex/amsmath/amsopn.sty
Package: amsopn 2016/03/08 v2.02 operator names
)
\inf@bad=\count152
LaTeX Info: Redefining \frac on input line 223.
\uproot@=\count153
\leftroot@=\count154
LaTeX Info: Redefining \overline on input line 385.
\classnum@=\count155
\DOTSCASE@=\count156
LaTeX Info: Redefining \ldots on input line 482.
LaTeX Info: Redefining \dots on input line 485.
LaTeX Info: Redefining \cdots on input line 606.
\Mathstrutbox@=\box34
\strutbox@=\box35
\big@size=\dimen172
LaTeX Font Info:    Redeclaring font encoding OML on input line 729.
LaTeX Font Info:    Redeclaring font encoding OMS on input line 730.
\macc@depth=\count157
\c@MaxMatrixCols=\count158
\dotsspace@=\muskip11
\c@parentequation=\count159
\dspbrk@lvl=\count160
\tag@help=\toks35
\row@=\count161
\column@=\count162
\maxfields@=\count163
\andhelp@=\toks36
\eqnshift@=\dimen173
\alignsep@=\dimen174
\tagshift@=\dimen175
\tagwidth@=\dimen176
\totwidth@=\dimen177
\lineht@=\dimen178
\@envbody=\toks37
\multlinegap=\skip50
\multlinetaggap=\skip51
\mathdisplay@stack=\toks38
LaTeX Info: Redefining \[ on input line 2844.
LaTeX Info: Redefining \] on input line 2845.
)
(/usr/share/texmf-dist/tex/latex/amsfonts/amssymb.sty
Package: amssymb 2013/01/14 v3.01 AMS font symbols

(/usr/share/texmf-dist/tex/latex/amsfonts/amsfonts.sty
Package: amsfonts 2013/01/14 v3.01 Basic AMSFonts support
\symAMSa=\mathgroup4
\symAMSb=\mathgroup5
LaTeX Font Info:    Overwriting math alphabet `\mathfrak' in version `bold'
(Font)                  U/euf/m/n --> U/euf/b/n on input line 106.
))
(/usr/share/texmf-dist/tex/latex/amscls/amsthm.sty
Package: amsthm 2017/10/31 v2.20.4
\thm@style=\toks39
\thm@bodyfont=\toks40
\thm@headfont=\toks41
\thm@notefont=\toks42
\thm@headpunct=\toks43
\thm@preskip=\skip52
\thm@postskip=\skip53
\thm@headsep=\skip54
\dth@everypar=\toks44
)
(/usr/share/texmf-dist/tex/latex/doublestroke/dsfont.sty
Package: dsfont 1995/08/01 v0.1 Double stroke roman fonts
)
(/usr/share/texmf-dist/tex/latex/cleveref/cleveref.sty
Package: cleveref 2018/03/27 v0.21.4 Intelligent cross-referencing
Package cleveref Info: `hyperref' support loaded on input line 2370.
LaTeX Info: Redefining \cref on input line 2370.
LaTeX Info: Redefining \Cref on input line 2370.
LaTeX Info: Redefining \crefrange on input line 2370.
LaTeX Info: Redefining \Crefrange on input line 2370.
LaTeX Info: Redefining \cpageref on input line 2370.
LaTeX Info: Redefining \Cpageref on input line 2370.
LaTeX Info: Redefining \cpagerefrange on input line 2370.
LaTeX Info: Redefining \Cpagerefrange on input line 2370.
LaTeX Info: Redefining \labelcref on input line 2370.
LaTeX Info: Redefining \labelcpageref on input line 2370.
Package cleveref Info: `amsthm' support loaded on input line 3026.
Package cleveref Info: `algorithmicx' support loaded on input line 3120.
Package cleveref Info: always capitalise cross-reference names on input line 78
30.
Package cleveref Info: include cross-reference names in hyperlinks on input lin
e 7836.
Package cleveref Info: include cross-reference names in hyperlinks on input lin
e 7852.
Package cleveref Info: always capitalise cross-reference names on input line 78
52.
)
(/usr/share/texmf-dist/tex/latex/mathtools/mathtools.sty
Package: mathtools 2018/01/08 v1.21 mathematical typesetting tools

(/usr/share/texmf-dist/tex/latex/tools/calc.sty
Package: calc 2017/05/25 v4.3 Infix arithmetic (KKT,FJ)
\calc@Acount=\count164
\calc@Bcount=\count165
\calc@Adimen=\dimen179
\calc@Bdimen=\dimen180
\calc@Askip=\skip55
\calc@Bskip=\skip56
LaTeX Info: Redefining \setlength on input line 80.
LaTeX Info: Redefining \addtolength on input line 81.
\calc@Ccount=\count166
\calc@Cskip=\skip57
)
(/usr/share/texmf-dist/tex/latex/mathtools/mhsetup.sty
Package: mhsetup 2017/03/31 v1.3 programming setup (MH)
)
LaTeX Info: Thecontrolsequence`\('isalreadyrobust on input line 129.
LaTeX Info: Thecontrolsequence`\)'isalreadyrobust on input line 129.
LaTeX Info: Thecontrolsequence`\['isalreadyrobust on input line 129.
LaTeX Info: Thecontrolsequence`\]'isalreadyrobust on input line 129.
\g_MT_multlinerow_int=\count167
\l_MT_multwidth_dim=\dimen181
\origjot=\skip58
\l_MT_shortvdotswithinadjustabove_dim=\dimen182
\l_MT_shortvdotswithinadjustbelow_dim=\dimen183
\l_MT_above_intertext_sep=\dimen184
\l_MT_below_intertext_sep=\dimen185
\l_MT_above_shortintertext_sep=\dimen186
\l_MT_below_shortintertext_sep=\dimen187
)
(/usr/share/texmf-dist/tex/latex/thmtools/thmtools.sty
Package: thmtools 2014/04/21 v66
\thmt@toks=\toks45
\c@thmt@dummyctr=\count168

(/usr/share/texmf-dist/tex/latex/thmtools/thm-patch.sty
Package: thm-patch 2014/04/21 v66

(/usr/share/texmf-dist/tex/latex/thmtools/parseargs.sty
Package: parseargs 2014/04/21 v66
\@parsespec=\toks46
))
(/usr/share/texmf-dist/tex/latex/thmtools/thm-kv.sty
Package: thm-kv 2014/04/21 v66
Package thm-kv Info: Theorem names will be uppercased on input line 40.
Package thm-kv Info: kvsetkeys patch (v1.16 or later) on input line 156.
)
(/usr/share/texmf-dist/tex/latex/thmtools/thm-autoref.sty
Package: thm-autoref 2014/04/21 v66

(/usr/share/texmf-dist/tex/latex/thmtools/aliasctr.sty
Package: aliasctr 2014/04/21 v66

(/usr/share/texmf-dist/tex/latex/carlisle/remreset.sty

Package remreset Warning: The remreset package is obsolete:
(remreset)                \@removefomresset is defined.

))) (/usr/share/texmf-dist/tex/latex/thmtools/thm-listof.sty
Package: thm-listof 2014/04/21 v66
)
(/usr/share/texmf-dist/tex/latex/thmtools/thm-restate.sty
Package: thm-restate 2014/04/21 v66
)
(/usr/share/texmf-dist/tex/latex/thmtools/thm-amsthm.sty
Package: thm-amsthm 2014/04/21 v66
\thmt@style@headstyle=\toks47
))
(/usr/share/texmf-dist/tex/latex/physics/physics.sty
Package: physics 

(/usr/share/texmf-dist/tex/latex/l3packages/xparse/xparse.sty
(/usr/share/texmf-dist/tex/latex/l3kernel/expl3.sty
Package: expl3 2019-04-06 L3 programming layer (loader) 

(/usr/share/texmf-dist/tex/latex/l3kernel/expl3-code.tex
Package: expl3 2019-04-06 L3 programming layer (code)
\c_max_int=\count169
\l_tmpa_int=\count170
\l_tmpb_int=\count171
\g_tmpa_int=\count172
\g_tmpb_int=\count173
\g__kernel_prg_map_int=\count174
\c__ior_term_ior=\count175
\c_log_iow=\count176
\l_iow_line_count_int=\count177
\l__iow_line_target_int=\count178
\l__iow_one_indent_int=\count179
\l__iow_indent_int=\count180
\c_zero_dim=\dimen188
\c_max_dim=\dimen189
\l_tmpa_dim=\dimen190
\l_tmpb_dim=\dimen191
\g_tmpa_dim=\dimen192
\g_tmpb_dim=\dimen193
\c_zero_skip=\skip59
\c_max_skip=\skip60
\l_tmpa_skip=\skip61
\l_tmpb_skip=\skip62
\g_tmpa_skip=\skip63
\g_tmpb_skip=\skip64
\c_zero_muskip=\muskip12
\c_max_muskip=\muskip13
\l_tmpa_muskip=\muskip14
\l_tmpb_muskip=\muskip15
\g_tmpa_muskip=\muskip16
\g_tmpb_muskip=\muskip17
\l_keys_choice_int=\count181
\l__intarray_loop_int=\count182
\c__intarray_sp_dim=\dimen194
\g__intarray_font_int=\count183
\c__fp_leading_shift_int=\count184
\c__fp_middle_shift_int=\count185
\c__fp_trailing_shift_int=\count186
\c__fp_big_leading_shift_int=\count187
\c__fp_big_middle_shift_int=\count188
\c__fp_big_trailing_shift_int=\count189
\c__fp_Bigg_leading_shift_int=\count190
\c__fp_Bigg_middle_shift_int=\count191
\c__fp_Bigg_trailing_shift_int=\count192
\c__kernel_randint_max_int=\count193
\g__fp_array_int=\count194
\l__fp_array_loop_int=\count195
\l__sort_length_int=\count196
\l__sort_min_int=\count197
\l__sort_top_int=\count198
\l__sort_max_int=\count199
Normal \count register pool exhausted, switching to extended pool.
\l__sort_true_max_int=\count277
\l__sort_block_int=\count278
\l__sort_begin_int=\count279
\l__sort_end_int=\count280
\l__sort_A_int=\count281
\l__sort_B_int=\count282
\l__sort_C_int=\count283
\l__tl_analysis_normal_int=\count284
\l__tl_analysis_index_int=\count285
\l__tl_analysis_nesting_int=\count286
\l__tl_analysis_type_int=\count287
\l__regex_internal_a_int=\count288
\l__regex_internal_b_int=\count289
\l__regex_internal_c_int=\count290
\l__regex_balance_int=\count291
\l__regex_group_level_int=\count292
\l__regex_mode_int=\count293
\c__regex_cs_in_class_mode_int=\count294
\c__regex_cs_mode_int=\count295
\l__regex_catcodes_int=\count296
\l__regex_default_catcodes_int=\count297
\c__regex_catcode_D_int=\count298
\c__regex_catcode_S_int=\count299
\c__regex_catcode_L_int=\count300
\c__regex_catcode_O_int=\count301
\c__regex_catcode_A_int=\count302
\c__regex_all_catcodes_int=\count303
\l__regex_show_lines_int=\count304
\l__regex_min_state_int=\count305
\l__regex_max_state_int=\count306
\l__regex_left_state_int=\count307
\l__regex_right_state_int=\count308
\l__regex_capturing_group_int=\count309
\l__regex_min_pos_int=\count310
\l__regex_max_pos_int=\count311
\l__regex_curr_pos_int=\count312
\l__regex_start_pos_int=\count313
\l__regex_success_pos_int=\count314
\l__regex_curr_char_int=\count315
\l__regex_curr_catcode_int=\count316
\l__regex_last_char_int=\count317
\l__regex_case_changed_char_int=\count318
\l__regex_curr_state_int=\count319
\l__regex_step_int=\count320
\l__regex_min_active_int=\count321
\l__regex_max_active_int=\count322
\l__regex_replacement_csnames_int=\count323
\l__regex_match_count_int=\count324
\l__regex_min_submatch_int=\count325
\l__regex_submatch_int=\count326
\l__regex_zeroth_submatch_int=\count327
\g__regex_trace_regex_int=\count328
\c_empty_box=\box36
\l_tmpa_box=\box37
\l_tmpb_box=\box38
\g_tmpa_box=\box39
\g_tmpb_box=\box40
\l__box_top_dim=\dimen195
\l__box_bottom_dim=\dimen196
\l__box_left_dim=\dimen197
\l__box_right_dim=\dimen198
\l__box_top_new_dim=\dimen199
Normal \dimen register pool exhausted, switching to extended pool.
\l__box_bottom_new_dim=\dimen256
\l__box_left_new_dim=\dimen257
\l__box_right_new_dim=\dimen258
\l__box_internal_box=\box41
\l__coffin_internal_box=\box42
\l__coffin_internal_dim=\dimen259
\l__coffin_offset_x_dim=\dimen260
\l__coffin_offset_y_dim=\dimen261
\l__coffin_x_dim=\dimen262
\l__coffin_y_dim=\dimen263
\l__coffin_x_prime_dim=\dimen264
\l__coffin_y_prime_dim=\dimen265
\c_empty_coffin=\box43
\l__coffin_aligned_coffin=\box44
\l__coffin_aligned_internal_coffin=\box45
\l_tmpa_coffin=\box46
\l_tmpb_coffin=\box47
\g_tmpa_coffin=\box48
\g_tmpb_coffin=\box49
\l__coffin_bounding_shift_dim=\dimen266
\l__coffin_left_corner_dim=\dimen267
\l__coffin_right_corner_dim=\dimen268
\l__coffin_bottom_corner_dim=\dimen269
\l__coffin_top_corner_dim=\dimen270
\l__coffin_scaled_total_height_dim=\dimen271
\l__coffin_scaled_width_dim=\dimen272
\c__coffin_empty_coffin=\box50
\l__coffin_display_coffin=\box51
\l__coffin_display_coord_coffin=\box52
\l__coffin_display_pole_coffin=\box53
\l__coffin_display_offset_dim=\dimen273
\l__coffin_display_x_dim=\dimen274
\l__coffin_display_y_dim=\dimen275
\g__file_internal_ior=\read1
\l__seq_internal_a_int=\count329
\l__seq_internal_b_int=\count330
\c__deprecation_minus_one=\count331
)
(/usr/share/texmf-dist/tex/latex/l3kernel/l3pdfmode.def
File: l3pdfmode.def 2019-04-06 v L3 Experimental driver: PDF mode
\l__driver_color_stack_int=\count332
))
Package: xparse 2019-03-05 L3 Experimental document command parser
\l__xparse_current_arg_int=\count333
\g__xparse_grabber_int=\count334
\l__xparse_m_args_int=\count335
\l__xparse_v_nesting_int=\count336
))
(/usr/share/texmf-dist/tex/latex/amsmath/amscd.sty
Package: amscd 2017/04/14 v2.1 AMS Commutative Diagrams
\athelp@=\toks48
\minaw@=\dimen276
\bigaw@=\dimen277
\minCDarrowwidth=\dimen278
)
(/usr/share/texmf-dist/tex/latex/tools/bm.sty
Package: bm 2017/01/16 v1.2c Bold Symbol Support (DPC/FMi)
\symboldoperators=\mathgroup6
\symboldletters=\mathgroup7
\symboldsymbols=\mathgroup8
LaTeX Font Info:    Redeclaring math alphabet \mathbf on input line 141.
LaTeX Info: Redefining \bm on input line 207.
)
(/usr/share/texmf-dist/tex/latex/nomencl/nomencl.sty
Package: nomencl 2019/02/08 v5.1 Nomenclature package

(/usr/share/texmf-dist/tex/latex/koma-script/tocbasic.sty
Package: tocbasic 2019/02/01 v3.26b KOMA-Script package (handling toc-files)

(/usr/share/texmf-dist/tex/latex/koma-script/scrbase.sty
Package: scrbase 2019/02/01 v3.26b KOMA-Script package (KOMA-Script-independent
 basics and keyval usage)

(/usr/share/texmf-dist/tex/latex/koma-script/scrlfile.sty
Package: scrlfile 2019/02/01 v3.26b KOMA-Script package (loading files)
))
\scr@dte@tocline@numberwidth=\skip65
\scr@dte@tocline@numbox=\box54
)
Package tocbasic Info: setting babel extension for `nlo' on input line 24.
Package tocbasic Info: setting babel extension for `nls' on input line 25.
\nomlabelwidth=\dimen279
\nom@tempdim=\dimen280
\nomitemsep=\skip66
)
(/usr/share/texmf-dist/tex/latex/etoolbox/etoolbox.sty
Package: etoolbox 2018/08/19 v2.5f e-TeX tools for LaTeX (JAW)
\etb@tempcnta=\count337
)
\c@theorem=\count338
\c@remark=\count339
\c@definition=\count340
\c@axiom=\count341
\c@assumption=\count342
\c@example=\count343
)
(/usr/share/texmf-dist/tex/latex/oberdiek/bookmark.sty
Package: bookmark 2016/05/17 v1.26 PDF bookmarks (HO)

(/usr/share/texmf-dist/tex/latex/oberdiek/bkm-pdftex.def
File: bkm-pdftex.def 2016/05/17 v1.26 bookmark driver for pdfTeX (HO)
\BKM@id=\count344
))
(/usr/share/texmf-dist/tex/latex/csvsimple/csvsimple.sty
Package: csvsimple 2016/07/01 version 1.20 LaTeX CSV file processing

(/usr/share/texmf-dist/tex/latex/pgf/utilities/pgfkeys.sty
(/usr/share/texmf-dist/tex/generic/pgf/utilities/pgfkeys.code.tex))
\csv@file=\read2
\c@csvinputline=\count345
\c@csvrow=\count346
\c@csvcol=\count347
\csv@out=\write3
)
(/usr/share/texmf-dist/tex/latex/emptypage/emptypage.sty
Package: emptypage 2010/05/30 v1.2 Suppress page numbers and headings on empty 
pages
)
(/usr/share/texmf-dist/tex/latex/was/gensymb.sty
Package: gensymb 2003/07/02 v1.0 (WaS)
)
(/usr/share/texmf-dist/tex/latex/base/textcomp.sty
Package: textcomp 2018/08/11 v2.0j Standard LaTeX package
Package textcomp Info: Sub-encoding information:
(textcomp)               5 = only ISO-Adobe without \textcurrency
(textcomp)               4 = 5 + \texteuro
(textcomp)               3 = 4 + \textohm
(textcomp)               2 = 3 + \textestimated + \textcurrency
(textcomp)               1 = TS1 - \textcircled - \t
(textcomp)               0 = TS1 (full)
(textcomp)             Font families with sub-encoding setting implement
(textcomp)             only a restricted character set as indicated.
(textcomp)             Family '?' is the default used for unknown fonts.
(textcomp)             See the documentation for details.
Package textcomp Info: Setting ? sub-encoding to TS1/1 on input line 79.

(/usr/share/texmf-dist/tex/latex/base/ts1enc.def
File: ts1enc.def 2001/06/05 v3.0e (jk/car/fm) Standard LaTeX file
Now handling font encoding TS1 ...
... processing UTF-8 mapping file for font encoding TS1

(/usr/share/texmf-dist/tex/latex/base/ts1enc.dfu
File: ts1enc.dfu 2018/10/05 v1.2f UTF-8 support for inputenc
   defining Unicode char U+00A2 (decimal 162)
   defining Unicode char U+00A3 (decimal 163)
   defining Unicode char U+00A4 (decimal 164)
   defining Unicode char U+00A5 (decimal 165)
   defining Unicode char U+00A6 (decimal 166)
   defining Unicode char U+00A7 (decimal 167)
   defining Unicode char U+00A8 (decimal 168)
   defining Unicode char U+00A9 (decimal 169)
   defining Unicode char U+00AA (decimal 170)
   defining Unicode char U+00AC (decimal 172)
   defining Unicode char U+00AE (decimal 174)
   defining Unicode char U+00AF (decimal 175)
   defining Unicode char U+00B0 (decimal 176)
   defining Unicode char U+00B1 (decimal 177)
   defining Unicode char U+00B2 (decimal 178)
   defining Unicode char U+00B3 (decimal 179)
   defining Unicode char U+00B4 (decimal 180)
   defining Unicode char U+00B5 (decimal 181)
   defining Unicode char U+00B6 (decimal 182)
   defining Unicode char U+00B7 (decimal 183)
   defining Unicode char U+00B9 (decimal 185)
   defining Unicode char U+00BA (decimal 186)
   defining Unicode char U+00BC (decimal 188)
   defining Unicode char U+00BD (decimal 189)
   defining Unicode char U+00BE (decimal 190)
   defining Unicode char U+00D7 (decimal 215)
   defining Unicode char U+00F7 (decimal 247)
   defining Unicode char U+0192 (decimal 402)
   defining Unicode char U+02C7 (decimal 711)
   defining Unicode char U+02D8 (decimal 728)
   defining Unicode char U+02DD (decimal 733)
   defining Unicode char U+0E3F (decimal 3647)
   defining Unicode char U+2016 (decimal 8214)
   defining Unicode char U+2020 (decimal 8224)
   defining Unicode char U+2021 (decimal 8225)
   defining Unicode char U+2022 (decimal 8226)
   defining Unicode char U+2030 (decimal 8240)
   defining Unicode char U+2031 (decimal 8241)
   defining Unicode char U+203B (decimal 8251)
   defining Unicode char U+203D (decimal 8253)
   defining Unicode char U+2044 (decimal 8260)
   defining Unicode char U+204E (decimal 8270)
   defining Unicode char U+2052 (decimal 8274)
   defining Unicode char U+20A1 (decimal 8353)
   defining Unicode char U+20A4 (decimal 8356)
   defining Unicode char U+20A6 (decimal 8358)
   defining Unicode char U+20A9 (decimal 8361)
   defining Unicode char U+20AB (decimal 8363)
   defining Unicode char U+20AC (decimal 8364)
   defining Unicode char U+20B1 (decimal 8369)
   defining Unicode char U+2103 (decimal 8451)
   defining Unicode char U+2116 (decimal 8470)
   defining Unicode char U+2117 (decimal 8471)
   defining Unicode char U+211E (decimal 8478)
   defining Unicode char U+2120 (decimal 8480)
   defining Unicode char U+2122 (decimal 8482)
   defining Unicode char U+2126 (decimal 8486)
   defining Unicode char U+2127 (decimal 8487)
   defining Unicode char U+212E (decimal 8494)
   defining Unicode char U+2190 (decimal 8592)
   defining Unicode char U+2191 (decimal 8593)
   defining Unicode char U+2192 (decimal 8594)
   defining Unicode char U+2193 (decimal 8595)
   defining Unicode char U+2329 (decimal 9001)
   defining Unicode char U+232A (decimal 9002)
   defining Unicode char U+2422 (decimal 9250)
   defining Unicode char U+25E6 (decimal 9702)
   defining Unicode char U+25EF (decimal 9711)
   defining Unicode char U+266A (decimal 9834)
   defining Unicode char U+FEFF (decimal 65279)
))
LaTeX Info: Redefining \oldstylenums on input line 334.
Package textcomp Info: Setting cmr sub-encoding to TS1/0 on input line 349.
Package textcomp Info: Setting cmss sub-encoding to TS1/0 on input line 350.
Package textcomp Info: Setting cmtt sub-encoding to TS1/0 on input line 351.
Package textcomp Info: Setting cmvtt sub-encoding to TS1/0 on input line 352.
Package textcomp Info: Setting cmbr sub-encoding to TS1/0 on input line 353.
Package textcomp Info: Setting cmtl sub-encoding to TS1/0 on input line 354.
Package textcomp Info: Setting ccr sub-encoding to TS1/0 on input line 355.
Package textcomp Info: Setting ptm sub-encoding to TS1/4 on input line 356.
Package textcomp Info: Setting pcr sub-encoding to TS1/4 on input line 357.
Package textcomp Info: Setting phv sub-encoding to TS1/4 on input line 358.
Package textcomp Info: Setting ppl sub-encoding to TS1/3 on input line 359.
Package textcomp Info: Setting pag sub-encoding to TS1/4 on input line 360.
Package textcomp Info: Setting pbk sub-encoding to TS1/4 on input line 361.
Package textcomp Info: Setting pnc sub-encoding to TS1/4 on input line 362.
Package textcomp Info: Setting pzc sub-encoding to TS1/4 on input line 363.
Package textcomp Info: Setting bch sub-encoding to TS1/4 on input line 364.
Package textcomp Info: Setting put sub-encoding to TS1/5 on input line 365.
Package textcomp Info: Setting uag sub-encoding to TS1/5 on input line 366.
Package textcomp Info: Setting ugq sub-encoding to TS1/5 on input line 367.
Package textcomp Info: Setting ul8 sub-encoding to TS1/4 on input line 368.
Package textcomp Info: Setting ul9 sub-encoding to TS1/4 on input line 369.
Package textcomp Info: Setting augie sub-encoding to TS1/5 on input line 370.
Package textcomp Info: Setting dayrom sub-encoding to TS1/3 on input line 371.
Package textcomp Info: Setting dayroms sub-encoding to TS1/3 on input line 372.

Package textcomp Info: Setting pxr sub-encoding to TS1/0 on input line 373.
Package textcomp Info: Setting pxss sub-encoding to TS1/0 on input line 374.
Package textcomp Info: Setting pxtt sub-encoding to TS1/0 on input line 375.
Package textcomp Info: Setting txr sub-encoding to TS1/0 on input line 376.
Package textcomp Info: Setting txss sub-encoding to TS1/0 on input line 377.
Package textcomp Info: Setting txtt sub-encoding to TS1/0 on input line 378.
Package textcomp Info: Setting lmr sub-encoding to TS1/0 on input line 379.
Package textcomp Info: Setting lmdh sub-encoding to TS1/0 on input line 380.
Package textcomp Info: Setting lmss sub-encoding to TS1/0 on input line 381.
Package textcomp Info: Setting lmssq sub-encoding to TS1/0 on input line 382.
Package textcomp Info: Setting lmvtt sub-encoding to TS1/0 on input line 383.
Package textcomp Info: Setting lmtt sub-encoding to TS1/0 on input line 384.
Package textcomp Info: Setting qhv sub-encoding to TS1/0 on input line 385.
Package textcomp Info: Setting qag sub-encoding to TS1/0 on input line 386.
Package textcomp Info: Setting qbk sub-encoding to TS1/0 on input line 387.
Package textcomp Info: Setting qcr sub-encoding to TS1/0 on input line 388.
Package textcomp Info: Setting qcs sub-encoding to TS1/0 on input line 389.
Package textcomp Info: Setting qpl sub-encoding to TS1/0 on input line 390.
Package textcomp Info: Setting qtm sub-encoding to TS1/0 on input line 391.
Package textcomp Info: Setting qzc sub-encoding to TS1/0 on input line 392.
Package textcomp Info: Setting qhvc sub-encoding to TS1/0 on input line 393.
Package textcomp Info: Setting futs sub-encoding to TS1/4 on input line 394.
Package textcomp Info: Setting futx sub-encoding to TS1/4 on input line 395.
Package textcomp Info: Setting futj sub-encoding to TS1/4 on input line 396.
Package textcomp Info: Setting hlh sub-encoding to TS1/3 on input line 397.
Package textcomp Info: Setting hls sub-encoding to TS1/3 on input line 398.
Package textcomp Info: Setting hlst sub-encoding to TS1/3 on input line 399.
Package textcomp Info: Setting hlct sub-encoding to TS1/5 on input line 400.
Package textcomp Info: Setting hlx sub-encoding to TS1/5 on input line 401.
Package textcomp Info: Setting hlce sub-encoding to TS1/5 on input line 402.
Package textcomp Info: Setting hlcn sub-encoding to TS1/5 on input line 403.
Package textcomp Info: Setting hlcw sub-encoding to TS1/5 on input line 404.
Package textcomp Info: Setting hlcf sub-encoding to TS1/5 on input line 405.
Package textcomp Info: Setting pplx sub-encoding to TS1/3 on input line 406.
Package textcomp Info: Setting pplj sub-encoding to TS1/3 on input line 407.
Package textcomp Info: Setting ptmx sub-encoding to TS1/4 on input line 408.
Package textcomp Info: Setting ptmj sub-encoding to TS1/4 on input line 409.
)
(/usr/share/texmf-dist/tex/latex/setspace/setspace.sty
Package: setspace 2011/12/19 v6.7a set line spacing
)
(/usr/share/texmf-dist/tex/latex/multirow/multirow.sty
Package: multirow 2019/01/01 v2.4 Span multiple rows of a table
\multirow@colwidth=\skip67
\multirow@cntb=\count348
\multirow@dima=\skip68
\bigstrutjot=\dimen281
)
(/usr/share/texmf-dist/tex/latex/caption/subcaption.sty
Package: subcaption 2018/05/01 v1.1-162 Sub-captions (AR)
\c@subfigure=\count349
\c@subtable=\count350
)
(/usr/share/texmf-dist/tex/latex/natbib/natbib.sty
Package: natbib 2010/09/13 8.31b (PWD, AO)
\bibhang=\skip69
\bibsep=\skip70
LaTeX Info: Redefining \cite on input line 694.
\c@NAT@ctr=\count351
)
(/usr/share/texmf-dist/tex/latex/natbib/bibentry.sty
Package: bibentry 2007/10/30 1.5 (PWD)
)
\c@algorithmicH=\count352
 (./dissertation.aux
(./preamble.aux) (./introduction.aux) (./literature_review.aux)
(./methodology.aux) (./experiments.aux

LaTeX Warning: Label `fig:mesh1' multiply defined.


LaTeX Warning: Label `fig:mesh1@cref' multiply defined.

) (./conclusions.aux) (./appendices.aux))
\openout1 = `dissertation.aux'.

LaTeX Font Info:    Checking defaults for OML/cmm/m/it on input line 233.
LaTeX Font Info:    ... okay on input line 233.
LaTeX Font Info:    Checking defaults for T1/cmr/m/n on input line 233.
LaTeX Font Info:    ... okay on input line 233.
LaTeX Font Info:    Checking defaults for OT1/cmr/m/n on input line 233.
LaTeX Font Info:    ... okay on input line 233.
LaTeX Font Info:    Checking defaults for OMS/cmsy/m/n on input line 233.
LaTeX Font Info:    ... okay on input line 233.
LaTeX Font Info:    Checking defaults for OMX/cmex/m/n on input line 233.
LaTeX Font Info:    ... okay on input line 233.
LaTeX Font Info:    Checking defaults for U/cmr/m/n on input line 233.
LaTeX Font Info:    ... okay on input line 233.
LaTeX Font Info:    Checking defaults for PD1/pdf/m/n on input line 233.
LaTeX Font Info:    ... okay on input line 233.
LaTeX Font Info:    Checking defaults for TS1/cmr/m/n on input line 233.
LaTeX Font Info:    Try loading font information for TS1+cmr on input line 233.


(/usr/share/texmf-dist/tex/latex/base/ts1cmr.fd
File: ts1cmr.fd 2014/09/29 v2.5h Standard LaTeX font definitions
)
LaTeX Font Info:    ... okay on input line 233.
LaTeX Info: Redefining \microtypecontext on input line 233.
Package microtype Info: Generating PDF output.
Package microtype Info: Character protrusion enabled (level 2).
Package microtype Info: Using default protrusion set `alltext'.
Package microtype Info: Automatic font expansion enabled (level 2),
(microtype)             stretch: 20, shrink: 20, step: 1, non-selected.
Package microtype Info: Using default expansion set `basictext'.
Package microtype Info: No adjustment of tracking.
Package microtype Info: No adjustment of interword spacing.
Package microtype Info: No adjustment of character kerning.

(/usr/share/texmf-dist/tex/latex/microtype/mt-cmr.cfg
File: mt-cmr.cfg 2013/05/19 v2.2 microtype config. file: Computer Modern Roman 
(RS)
)
Package caption Info: Begin \AtBeginDocument code.
Package caption Info: hyperref package is loaded.
Package caption Info: End \AtBeginDocument code.
\AtBeginShipoutBox=\box55
Package hyperref Info: Link coloring ON on input line 233.

(/usr/share/texmf-dist/tex/latex/hyperref/nameref.sty
Package: nameref 2016/05/21 v2.44 Cross-referencing by name of section

(/usr/share/texmf-dist/tex/generic/oberdiek/gettitlestring.sty
Package: gettitlestring 2016/05/16 v1.5 Cleanup title references (HO)
)
\c@section@level=\count353
)
LaTeX Info: Redefining \ref on input line 233.
LaTeX Info: Redefining \pageref on input line 233.
LaTeX Info: Redefining \nameref on input line 233.

(/usr/share/texmf-dist/tex/context/base/mkii/supp-pdf.mkii
[Loading MPS to PDF converter (version 2006.09.02).]
\scratchcounter=\count354
\scratchdimen=\dimen282
\scratchbox=\box56
\nofMPsegments=\count355
\nofMParguments=\count356
\everyMPshowfont=\toks49
\MPscratchCnt=\count357
\MPscratchDim=\dimen283
\MPnumerator=\count358
\makeMPintoPDFobject=\count359
\everyMPtoPDFconversion=\toks50
) (/usr/share/texmf-dist/tex/latex/oberdiek/epstopdf-base.sty
Package: epstopdf-base 2016/05/15 v2.6 Base part for package epstopdf

(/usr/share/texmf-dist/tex/latex/oberdiek/grfext.sty
Package: grfext 2016/05/16 v1.2 Manage graphics extensions (HO)
)
Package epstopdf-base Info: Redefining graphics rule for `.eps' on input line 4
38.
Package grfext Info: Graphics extension search list:
(grfext)             [.pdf,.png,.jpg,.mps,.jpeg,.jbig2,.jb2,.PDF,.PNG,.JPG,.JPE
G,.JBIG2,.JB2,.eps]
(grfext)             \AppendGraphicsExtensions on input line 456.

(/usr/share/texmf-dist/tex/latex/latexconfig/epstopdf-sys.cfg
File: epstopdf-sys.cfg 2010/07/13 v1.3 Configuration of (r)epstopdf for TeX Liv
e
))
\symgns@font=\mathgroup9
LaTeX Font Info:    Overwriting symbol font `gns@font' in version `bold'
(Font)                  TS1/cmr/m/n --> TS1/cmr/bx/n on input line 233.
Package gensymb Info: Math companion symbols declared on input line 233.
LaTeX Info: Redefining \degree on input line 233.
LaTeX Info: Redefining \celsius on input line 233.
Package gensymb Info: Using text companion symbols for \degree, \celsius and \p
erthousand on input line 233.
LaTeX Info: Redefining \ohm on input line 233.
Package gensymb Info: Using \textohm for \ohm on input line 233.
Package gensymb Info: Using \textmu for \micro on input line 233.

(./dissertation.bbl)
\openout2 = `preamble.aux'.

 (./preamble.tex [1
Non-PDF special ignored!
<special> header=pstricks.pro
Non-PDF special ignored!
<special> header=pst-algparser.pro
Non-PDF special ignored!
<special> header=pst-tools.pro
Non-PDF special ignored!
<special> header=pst-dots.pro

Non-PDF special ignored!
<special> ps: /pssetRGBcolor /setrgbcolor load def /pssetCMYKcolor /setcmyk...
Non-PDF special ignored!
<special> ps:tx@Dict begin  gsave STV CP T /ps@rot 0 def grestore  end
Non-PDF special ignored!
<special> ps:tx@Dict begin  gsave STV CP T /ps@refangle 0.  def grestore  e...

{/var/lib/texmf/fonts/map/pdftex/updmap/pdftex.map}] [2

] [3


] [4

]
Underfull \hbox (badness 10000) in paragraph at lines 96--101

 []

[5

] (./dissertation.toc
LaTeX Font Info:    Try loading font information for U+msa on input line 3.
 (/usr/share/texmf-dist/tex/latex/amsfonts/umsa.fd
File: umsa.fd 2013/01/14 v3.01 AMS symbols A
)
(/usr/share/texmf-dist/tex/latex/microtype/mt-msa.cfg
File: mt-msa.cfg 2006/02/04 v1.1 microtype config. file: AMS symbols (a) (RS)
)
LaTeX Font Info:    Try loading font information for U+msb on input line 3.

(/usr/share/texmf-dist/tex/latex/amsfonts/umsb.fd
File: umsb.fd 2013/01/14 v3.01 AMS symbols B
)
(/usr/share/texmf-dist/tex/latex/microtype/mt-msb.cfg
File: mt-msb.cfg 2005/06/01 v1.0 microtype config. file: AMS symbols (b) (RS)
) [6

])
\tf@toc=\write4
\openout4 = `dissertation.toc'.

 [7]
(./dissertation.lof
Underfull \vbox (badness 3965) has occurred while \output is active []

 [8

])
\tf@lof=\write5
\openout5 = `dissertation.lof'.


[9] (./dissertation.lot)
\tf@lot=\write6
\openout6 = `dissertation.lot'.

) [10

]
\openout2 = `introduction.aux'.

 (./introduction.tex
Chapter 1.
[11



] [12] [13]) [14]
\openout2 = `literature_review.aux'.

 (./literature_review.tex
Chapter 2.
[15



]
Package hyperref Info: bookmark level for unknown definition defaults to 0 on i
nput line 67.
Package hyperref Info: bookmark level for unknown corollary defaults to 0 on in
put line 99.
 [16]
Package hyperref Info: bookmark level for unknown theorem defaults to 0 on inpu
t line 111.
Package hyperref Info: bookmark level for unknown example defaults to 0 on inpu
t line 124.
 [17] [18] [19] [20] [21] [22]
Underfull \vbox (badness 1502) has occurred while \output is active []

 [23]
[24] [25] [26]
Package hyperref Info: bookmark level for unknown algorithm defaults to 0 on in
put line 656.
 [27]
Underfull \hbox (badness 2384) in paragraph at lines 715--715
[]\T1/cmr/bx/n/14.4 Herding and Con-di-tional Gra-di-ent Meth-ods in
 []

[28] [29]
Package hyperref Info: bookmark level for unknown assumption defaults to 0 on i
nput line 815.
Package hyperref Info: bookmark level for unknown fact defaults to 0 on input l
ine 825.
 [30]
Package hyperref Info: bookmark level for unknown proposition defaults to 0 on 
input line 890.
 [31]) [32]
\openout2 = `methodology.aux'.

 (./methodology.tex
Chapter 3.

LaTeX Warning: Hyper reference `ch:lit-review' on page 33 undefined on input li
ne 6.

[33



]
Overfull \hbox (63.7152pt too wide) detected at line 92
[]
 []

[34] [35]
Package hyperref Info: bookmark level for unknown lemma defaults to 0 on input 
line 156.
 [36]
Overfull \hbox (11.07108pt too wide) detected at line 259
[]
 []

[37]
Overfull \hbox (77.39825pt too wide) detected at line 286
[]
 []


Overfull \hbox (29.97583pt too wide) detected at line 301
[]
 []


Underfull \vbox (badness 10000) has occurred while \output is active []

 [38]
[39]
Overfull \hbox (21.69289pt too wide) detected at line 395
[][] \OMS/cmsy/m/n/10.95 ^^T [] \OT1/cmr/m/n/10.95 + [] = \OML/cmm/m/it/10.95 M
[]^^T [] :
 []

[40]
Overfull \hbox (61.59291pt too wide) detected at line 436
[]
 []


Overfull \hbox (88.16698pt too wide) detected at line 442
[] [] \OMS/cmsy/m/n/10.95 ^^T [] [] \OT1/cmr/m/n/10.95 + [] + [] + \OML/cmm/m/i
t/10.95 M[][]:
 []

[41]
Overfull \hbox (56.45268pt too wide) detected at line 500
[]
 []

[42]
Underfull \vbox (badness 3240) has occurred while \output is active []

 [43])
[44]
\openout2 = `experiments.aux'.

 (./experiments.tex
Chapter 4.
[45



]
<../active_learning_code/reports/figures/learning_curves_k_fold-boston.png, id=
764, 529.4982pt x 336.17595pt>
File: ../active_learning_code/reports/figures/learning_curves_k_fold-boston.png
 Graphic file (type png)
<use ../active_learning_code/reports/figures/learning_curves_k_fold-boston.png>

Package pdftex.def Info: ../active_learning_code/reports/figures/learning_curve
s_k_fold-boston.png  used on input line 76.
(pdftex.def)             Requested size: 318.67207pt x 202.33293pt.
<../active_learning_code/reports/figures/learning_curves_k_fold_realisable-bost
on.png, id=766, 521.66895pt x 336.17595pt>
File: ../active_learning_code/reports/figures/learning_curves_k_fold_realisable
-boston.png Graphic file (type png)
<use ../active_learning_code/reports/figures/learning_curves_k_fold_realisable-
boston.png>
Package pdftex.def Info: ../active_learning_code/reports/figures/learning_curve
s_k_fold_realisable-boston.png  used on input line 88.
(pdftex.def)             Requested size: 318.67207pt x 205.3594pt.


LaTeX Warning: `h' float specifier changed to `ht'.

[46 <../active_learning_code/reports/figures/learning_curves_k_fold-boston.png>
]
<../active_learning_code/reports/figures/learning_curves_k_fold-mnist.png, id=7
76, 521.66895pt x 341.8371pt>
File: ../active_learning_code/reports/figures/learning_curves_k_fold-mnist.png 
Graphic file (type png)
<use ../active_learning_code/reports/figures/learning_curves_k_fold-mnist.png>
Package pdftex.def Info: ../active_learning_code/reports/figures/learning_curve
s_k_fold-mnist.png  used on input line 121.
(pdftex.def)             Requested size: 318.67207pt x 208.81763pt.


LaTeX Warning: `h' float specifier changed to `ht'.

<../active_learning_code/reports/figures/kh_is_mode_seeking_mog.png, id=779, 11
03.0811pt x 399.894pt>
File: ../active_learning_code/reports/figures/kh_is_mode_seeking_mog.png Graphi
c file (type png)
<use ../active_learning_code/reports/figures/kh_is_mode_seeking_mog.png>
Package pdftex.def Info: ../active_learning_code/reports/figures/kh_is_mode_see
king_mog.png  used on input line 143.
(pdftex.def)             Requested size: 398.33858pt x 144.40715pt.

LaTeX Warning: `h' float specifier changed to `ht'.

) [47 <../active_learning_code/reports/figures/learning_curves_k_fold_realisabl
e-boston.png>] [48 <../active_learning_code/reports/figures/learning_curves_k_f
old-mnist.png> <../active_learning_code/reports/figures/kh_is_mode_seeking_mog.
png>]
\openout2 = `conclusions.aux'.

 (./conclusions.tex
Chapter 5.
[49



]) [50]
\openout2 = `appendices.aux'.

 (./appendices.tex
Chapter 6.
[51



] [52] [53]
<../active_learning_code/reports/figures/learning_curves_k_fold-bike_sharing_da
y.png, id=887, 521.66895pt x 338.82585pt>
File: ../active_learning_code/reports/figures/learning_curves_k_fold-bike_shari
ng_day.png Graphic file (type png)
<use ../active_learning_code/reports/figures/learning_curves_k_fold-bike_sharin
g_day.png>
Package pdftex.def Info: ../active_learning_code/reports/figures/learning_curve
s_k_fold-bike_sharing_day.png  used on input line 143.
(pdftex.def)             Requested size: 191.2008pt x 124.18481pt.
File: ../active_learning_code/reports/figures/learning_curves_k_fold-boston.png
 Graphic file (type png)
<use ../active_learning_code/reports/figures/learning_curves_k_fold-boston.png>

Package pdftex.def Info: ../active_learning_code/reports/figures/learning_curve
s_k_fold-boston.png  used on input line 148.
(pdftex.def)             Requested size: 191.2008pt x 121.39256pt.
<../active_learning_code/reports/figures/learning_curves_k_fold-concrete.png, i
d=888, 521.66895pt x 336.17595pt>
File: ../active_learning_code/reports/figures/learning_curves_k_fold-concrete.p
ng Graphic file (type png)
<use ../active_learning_code/reports/figures/learning_curves_k_fold-concrete.pn
g>
Package pdftex.def Info: ../active_learning_code/reports/figures/learning_curve
s_k_fold-concrete.png  used on input line 154.
(pdftex.def)             Requested size: 191.2008pt x 123.2136pt.
<../active_learning_code/reports/figures/learning_curves_k_fold-red_wine.png, i
d=889, 521.66895pt x 336.17595pt>
File: ../active_learning_code/reports/figures/learning_curves_k_fold-red_wine.p
ng Graphic file (type png)
<use ../active_learning_code/reports/figures/learning_curves_k_fold-red_wine.pn
g>
Package pdftex.def Info: ../active_learning_code/reports/figures/learning_curve
s_k_fold-red_wine.png  used on input line 159.
(pdftex.def)             Requested size: 191.2008pt x 123.2136pt.
<../active_learning_code/reports/figures/learning_curves_k_fold-white_wine.png,
 id=890, 521.66895pt x 336.17595pt>
File: ../active_learning_code/reports/figures/learning_curves_k_fold-white_wine
.png Graphic file (type png)
<use ../active_learning_code/reports/figures/learning_curves_k_fold-white_wine.
png>
Package pdftex.def Info: ../active_learning_code/reports/figures/learning_curve
s_k_fold-white_wine.png  used on input line 165.
(pdftex.def)             Requested size: 191.2008pt x 123.2136pt.
<../active_learning_code/reports/figures/learning_curves_k_fold_realisable-bike
_sharing_day.png, id=891, 521.66895pt x 336.17595pt>
File: ../active_learning_code/reports/figures/learning_curves_k_fold_realisable
-bike_sharing_day.png Graphic file (type png)
<use ../active_learning_code/reports/figures/learning_curves_k_fold_realisable-
bike_sharing_day.png>
Package pdftex.def Info: ../active_learning_code/reports/figures/learning_curve
s_k_fold_realisable-bike_sharing_day.png  used on input line 179.
(pdftex.def)             Requested size: 191.2008pt x 123.2136pt.
File: ../active_learning_code/reports/figures/learning_curves_k_fold_realisable
-boston.png Graphic file (type png)
<use ../active_learning_code/reports/figures/learning_curves_k_fold_realisable-
boston.png>
Package pdftex.def Info: ../active_learning_code/reports/figures/learning_curve
s_k_fold_realisable-boston.png  used on input line 184.
(pdftex.def)             Requested size: 191.2008pt x 123.2136pt.
<../active_learning_code/reports/figures/learning_curves_k_fold_realisable-conc
rete.png, id=892, 521.66895pt x 336.17595pt>
File: ../active_learning_code/reports/figures/learning_curves_k_fold_realisable
-concrete.png Graphic file (type png)
<use ../active_learning_code/reports/figures/learning_curves_k_fold_realisable-
concrete.png>
Package pdftex.def Info: ../active_learning_code/reports/figures/learning_curve
s_k_fold_realisable-concrete.png  used on input line 190.
(pdftex.def)             Requested size: 191.2008pt x 123.2136pt.
<../active_learning_code/reports/figures/learning_curves_k_fold_realisable-red_
wine.png, id=893, 521.66895pt x 336.17595pt>
File: ../active_learning_code/reports/figures/learning_curves_k_fold_realisable
-red_wine.png Graphic file (type png)
<use ../active_learning_code/reports/figures/learning_curves_k_fold_realisable-
red_wine.png>
Package pdftex.def Info: ../active_learning_code/reports/figures/learning_curve
s_k_fold_realisable-red_wine.png  used on input line 195.
(pdftex.def)             Requested size: 191.2008pt x 123.2136pt.
<../active_learning_code/reports/figures/learning_curves_k_fold_realisable-whit
e_wine.png, id=894, 521.66895pt x 336.17595pt>
File: ../active_learning_code/reports/figures/learning_curves_k_fold_realisable
-white_wine.png Graphic file (type png)
<use ../active_learning_code/reports/figures/learning_curves_k_fold_realisable-
white_wine.png>
Package pdftex.def Info: ../active_learning_code/reports/figures/learning_curve
s_k_fold_realisable-white_wine.png  used on input line 201.
(pdftex.def)             Requested size: 191.2008pt x 123.2136pt.
File: ../active_learning_code/reports/figures/learning_curves_k_fold-mnist.png 
Graphic file (type png)
<use ../active_learning_code/reports/figures/learning_curves_k_fold-mnist.png>
Package pdftex.def Info: ../active_learning_code/reports/figures/learning_curve
s_k_fold-mnist.png  used on input line 215.
(pdftex.def)             Requested size: 191.2008pt x 125.28848pt.
<../active_learning_code/reports/figures/learning_curves_k_fold-yeast.png, id=8
95, 521.66895pt x 341.8371pt>
File: ../active_learning_code/reports/figures/learning_curves_k_fold-yeast.png 
Graphic file (type png)
<use ../active_learning_code/reports/figures/learning_curves_k_fold-yeast.png>
Package pdftex.def Info: ../active_learning_code/reports/figures/learning_curve
s_k_fold-yeast.png  used on input line 220.
(pdftex.def)             Requested size: 191.2008pt x 125.28848pt.
 [54

 <../active_learning_code/reports/figures/learning_curves_k_fold-bike_sharing_d
ay.png> <../active_learning_code/reports/figures/learning_curves_k_fold-concret
e.png> <../active_learning_code/reports/figures/learning_curves_k_fold-red_wine
.png> <../active_learning_code/reports/figures/learning_curves_k_fold-white_win
e.png>] [55 <../active_learning_code/reports/figures/learning_curves_k_fold_rea
lisable-bike_sharing_day.png> <../active_learning_code/reports/figures/learning
_curves_k_fold_realisable-concrete.png> <../active_learning_code/reports/figure
s/learning_curves_k_fold_realisable-red_wine.png> <../active_learning_code/repo
rts/figures/learning_curves_k_fold_realisable-white_wine.png>] [56 <../active_l
earning_code/reports/figures/learning_curves_k_fold-yeast.png>]) [57

] (./dissertation.bbl [58


]
LaTeX Font Info:    Try loading font information for T1+cmtt on input line 87.

(/usr/share/texmf-dist/tex/latex/base/t1cmtt.fd
File: t1cmtt.fd 2014/09/29 v2.5h Standard LaTeX font definitions
)
Package microtype Info: Loading generic protrusion settings for font family
(microtype)             `cmtt' (encoding: T1).
(microtype)             For optimal results, create family-specific settings.
(microtype)             See the microtype manual for details.

Underfull \hbox (badness 10000) in paragraph at lines 142--148
\T1/cmtt/m/n/10.95 org / agenda / 2019 / 04 / how-[]much-[]data-[]is-[]generate
d-[]each-[]day-[]cf4bddf29f$[][]\T1/cmr/m/n/10.95 (+20) ,
 []

[59] [60] [61])
Package atveryend Info: Empty hook `BeforeClearDocument' on input line 250.
 [62]
Package atveryend Info: Empty hook `AfterLastShipout' on input line 250.
 (./dissertation.aux (./preamble.aux) (./introduction.aux)
(./literature_review.aux) (./methodology.aux) (./experiments.aux)
(./conclusions.aux) (./appendices.aux))
Package atveryend Info: Executing hook `AtVeryEndDocument' on input line 250.
Package atveryend Info: Empty hook `AtEndAfterFileList' on input line 250.


LaTeX Warning: There were undefined references.


LaTeX Warning: There were multiply-defined labels.

Package atveryend Info: Empty hook `AtVeryVeryEnd' on input line 250.
 ) 
Here is how much of TeX's memory you used:
 34947 strings out of 492623
 629653 string characters out of 6135669
 772391 words of memory out of 5000000
 37645 multiletter control sequences out of 15000+600000
 574474 words of font info for 236 fonts, out of 8000000 for 9000
 1141 hyphenation exceptions out of 8191
 54i,20n,79p,894b,677s stack positions out of 5000i,500n,10000p,200000b,80000s
pdfTeX warning (dest): name{Hfootnote.4} has been referenced but does not exi
st, replaced by a fixed one

pdfTeX warning (dest): name{Hfootnote.3} has been referenced but does not exist
, replaced by a fixed one

pdfTeX warning (dest): name{Hfootnote.2} has been referenced but does not exist
, replaced by a fixed one

pdfTeX warning (dest): name{Hfootnote.1} has been referenced but does not exist
, replaced by a fixed one

{/usr/share/texmf-dist/fonts/enc/dvips/cm-super/cm-super-t1.enc}{/usr/share/tex
mf-dist/fonts/enc/dvips/cm-super/cm-super-ts1.enc}</usr/share/texmf-dist/fonts/
type1/public/amsfonts/cm/cmbx10.pfb></usr/share/texmf-dist/fonts/type1/public/a
msfonts/cm/cmbx8.pfb></usr/share/texmf-dist/fonts/type1/public/amsfonts/cm/cmex
10.pfb></usr/share/texmf-dist/fonts/type1/public/amsfonts/cm/cmmi10.pfb></usr/s
hare/texmf-dist/fonts/type1/public/amsfonts/cm/cmmi6.pfb></usr/share/texmf-dist
/fonts/type1/public/amsfonts/cm/cmmi7.pfb></usr/share/texmf-dist/fonts/type1/pu
blic/amsfonts/cm/cmmi8.pfb></usr/share/texmf-dist/fonts/type1/public/amsfonts/c
m/cmmi9.pfb></usr/share/texmf-dist/fonts/type1/public/amsfonts/cm/cmr10.pfb></u
sr/share/texmf-dist/fonts/type1/public/amsfonts/cm/cmr6.pfb></usr/share/texmf-d
ist/fonts/type1/public/amsfonts/cm/cmr7.pfb></usr/share/texmf-dist/fonts/type1/
public/amsfonts/cm/cmr8.pfb></usr/share/texmf-dist/fonts/type1/public/amsfonts/
cm/cmr9.pfb></usr/share/texmf-dist/fonts/type1/public/amsfonts/cm/cmsy10.pfb></
usr/share/texmf-dist/fonts/type1/public/amsfonts/cm/cmsy6.pfb></usr/share/texmf
-dist/fonts/type1/public/amsfonts/cm/cmsy8.pfb></usr/share/texmf-dist/fonts/typ
e1/public/amsfonts/cm/cmsy9.pfb></usr/share/texmf-dist/fonts/type1/public/amsfo
nts/symbols/msbm10.pfb></usr/share/texmf-dist/fonts/type1/public/cm-super/sfbx0
900.pfb></usr/share/texmf-dist/fonts/type1/public/cm-super/sfbx1000.pfb></usr/s
hare/texmf-dist/fonts/type1/public/cm-super/sfbx1095.pfb></usr/share/texmf-dist
/fonts/type1/public/cm-super/sfbx1200.pfb></usr/share/texmf-dist/fonts/type1/pu
blic/cm-super/sfbx1440.pfb></usr/share/texmf-dist/fonts/type1/public/cm-super/s
fbx2074.pfb></usr/share/texmf-dist/fonts/type1/public/cm-super/sfcc1095.pfb></u
sr/share/texmf-dist/fonts/type1/public/cm-super/sfrm0600.pfb></usr/share/texmf-
dist/fonts/type1/public/cm-super/sfrm0800.pfb></usr/share/texmf-dist/fonts/type
1/public/cm-super/sfrm0900.pfb></usr/share/texmf-dist/fonts/type1/public/cm-sup
er/sfrm1000.pfb></usr/share/texmf-dist/fonts/type1/public/cm-super/sfrm1095.pfb
></usr/share/texmf-dist/fonts/type1/public/cm-super/sfsl1095.pfb></usr/share/te
xmf-dist/fonts/type1/public/cm-super/sfti0800.pfb></usr/share/texmf-dist/fonts/
type1/public/cm-super/sfti1095.pfb></usr/share/texmf-dist/fonts/type1/public/cm
-super/sfti1440.pfb></usr/share/texmf-dist/fonts/type1/public/cm-super/sftt1095
.pfb>
Output written on dissertation.pdf (62 pages, 8123224 bytes).
PDF statistics:
 1282 PDF objects out of 1440 (max. 8388607)
 1145 compressed objects within 12 object streams
 427 named destinations out of 1000 (max. 500000)
 37770 words of extra memory for PDF output out of 42996 (max. 10000000)

